<?xml version="1.0" encoding="UTF-8"?>
<!-- Generated by org.testng.reporters.JUnitXMLReporter -->
<testsuite hostname="YeamGood-MacBook-Pro.local" ignored="5" name="Default test(failed)" tests="1" failures="1" timestamp="22 Sep 2017 09:35:22 GMT" time="8.569" errors="0">
  <testcase name="saveComplete" time="3.601" classname="com.yeamgood.godungonline.web.TestRolegodungPage">
    <failure type="java.lang.AssertionError">
      <![CDATA[java.lang.AssertionError
	at org.junit.Assert.fail(Assert.java:86)
	at org.junit.Assert.assertTrue(Assert.java:41)
	at org.junit.Assert.assertTrue(Assert.java:52)
	at com.yeamgood.godungonline.web.TestRolegodungPage.saveComplete(TestRolegodungPage.java:152)
... Removed 25 stack frames]]>
    </failure>
  </testcase> <!-- saveComplete -->
  <testcase name="saveOverTextMax" time="0.0" classname="com.yeamgood.godungonline.web.TestRolegodungPage">
    <ignored/>
  </testcase> <!-- saveOverTextMax -->
  <testcase name="managePageClickBack" time="0.0" classname="com.yeamgood.godungonline.web.TestRolegodungPage">
    <ignored/>
  </testcase> <!-- managePageClickBack -->
  <testcase name="saveNotInput" time="0.0" classname="com.yeamgood.godungonline.web.TestRolegodungPage">
    <ignored/>
  </testcase> <!-- saveNotInput -->
  <testcase name="managePage" time="0.0" classname="com.yeamgood.godungonline.web.TestRolegodungPage">
    <ignored/>
  </testcase> <!-- managePage -->
  <testcase name="mainPage" time="0.0" classname="com.yeamgood.godungonline.web.TestRolegodungPage">
    <ignored/>
  </testcase> <!-- mainPage -->
</testsuite> <!-- Default test(failed) -->
